<?xml version="1.0" encoding="UTF-8"?>
<!-- Generated by org.testng.reporters.JUnitReportReporter -->
<testsuite hostname="DESKTOP-CJLCDUR" failures="0" tests="1" name="test.LoginTest" time="16.072" errors="0" timestamp="2023-10-21T02:28:42 IST" skipped="0">
  <testcase classname="test.LoginTest" name="f" time="16.072"/>
  <system-out/>
</testsuite> <!-- test.LoginTest -->
