<?xml version="1.0" encoding="UTF-8"?>
<!-- Generated by org.testng.reporters.JUnitReportReporter -->
<testsuite hostname="DESKTOP-CJLCDUR" failures="0" tests="1" name="test.LoginTest" time="24.071" errors="0" timestamp="2023-12-21T11:12:47 IST" skipped="0">
  <testcase classname="test.LoginTest" name="verifyLogIn" time="24.071"/>
  <system-out/>
</testsuite> <!-- test.LoginTest -->
