<?xml version="1.0" encoding="UTF-8"?>
<!-- Generated by org.testng.reporters.JUnitReportReporter -->
<testsuite hostname="DESKTOP-CJLCDUR" failures="0" tests="1" name="test.ClientsTest" time="22.153" errors="0" timestamp="2023-10-21T02:51:07 IST" skipped="0">
  <testcase classname="test.ClientsTest" name="verifyAddData" time="22.153"/>
  <system-out/>
</testsuite> <!-- test.ClientsTest -->
