<?xml version="1.0" encoding="UTF-8"?>
<!-- Generated by org.testng.reporters.JUnitReportReporter -->
<testsuite hostname="DESKTOP-CJLCDUR" failures="0" tests="1" name="test.ProjectTest" time="19.615" errors="0" timestamp="2023-10-26T14:49:30 IST" skipped="0">
  <testcase classname="test.ProjectTest" name="verifyEditData" time="19.615"/>
  <system-out/>
</testsuite> <!-- test.ProjectTest -->
